Connecting to database specified by database.yml
Connecting to database specified by database.yml


Started GET "/" for 127.0.0.1 at 2012-07-26 21:20:05 +0800
Processing by StoreController#index as HTML
  Rendered store/index.html.erb within layouts/application (8.5ms)
Completed 500 Internal Server Error in 151ms

ActionView::Template::Error (application.css isn't precompiled):
    2: <html>
    3: <head>
    4:   <title>Pragprog Books Online Store</title>
    5:   <%= stylesheet_link_tag    "application", :media => "all" %>
    6:   <%= javascript_include_tag "application" %>
    7:   <%= csrf_meta_tags %>
    8: </head>
  app/views/layouts/application.html.erb:5:in `_app_views_layouts_application_html_erb__686798266_73769820'


Connecting to database specified by database.yml


Started GET "/" for 127.0.0.1 at 2012-07-26 21:29:00 +0800
Processing by StoreController#index as HTML
  Rendered store/index.html.erb within layouts/application (8.6ms)
Completed 500 Internal Server Error in 164ms

ActionView::Template::Error (application.css isn't precompiled):
    2: <html>
    3: <head>
    4:   <title>Pragprog Books Online Store</title>
    5:   <%= stylesheet_link_tag    "application", :media => "all" %>
    6:   <%= javascript_include_tag "application" %>
    7:   <%= csrf_meta_tags %>
    8: </head>
  app/views/layouts/application.html.erb:5:in `_app_views_layouts_application_html_erb__686798266_77627700'


Connecting to database specified by database.yml
